09/10 14:39:57 - INFO - -------------------------------------------------------------------------
09/10 14:39:57 - INFO - Scikit Learn Machine Learning Workflow Process Code : 2018.10.09.14.39.57
09/10 14:39:57 - INFO - -------------------------------------------------------------------------
09/10 14:39:57 - INFO - DELETE_FLAG is set to true
09/10 14:39:57 - INFO - All previous logfiles will be deleted
09/10 14:39:57 - INFO - 
09/10 14:39:57 - INFO - -------------------- File deletion starts here --------------------
09/10 14:39:57 - INFO - 
09/10 14:39:57 - INFO - 
09/10 14:39:57 - INFO - -------------------- File deletion ends here --------------------
09/10 14:39:57 - INFO - 
09/10 14:39:57 - INFO - 
09/10 14:39:57 - INFO - -------------------- Load dataset starts here --------------------
09/10 14:39:57 - INFO - 
09/10 14:40:09 - INFO - 
09/10 14:40:09 - INFO - --------------------  Load dataset ends here --------------------
09/10 14:40:09 - INFO - 
09/10 14:40:09 - INFO - (455, 30) <class 'pandas.core.frame.DataFrame'> Index(['mean radius', 'mean texture', 'mean perimeter', 'mean area',
       'mean smoothness', 'mean compactness', 'mean concavity',
       'mean concave points', 'mean symmetry', 'mean fractal dimension',
       'radius error', 'texture error', 'perimeter error', 'area error',
       'smoothness error', 'compactness error', 'concavity error',
       'concave points error', 'symmetry error', 'fractal dimension error',
       'worst radius', 'worst texture', 'worst perimeter', 'worst area',
       'worst smoothness', 'worst compactness', 'worst concavity',
       'worst concave points', 'worst symmetry', 'worst fractal dimension'],
      dtype='object')
09/10 14:40:09 - INFO - (114, 30)
09/10 14:40:09 - INFO - (455,)
09/10 14:40:09 - INFO - (114,)
09/10 14:40:09 - INFO - [0.5435 0.6739 0.6739 0.6522 0.5435 0.6889 0.5778 0.7556 0.5778 0.5778] 0.62649 0.004660764900000003 0.06826979493158013
09/10 14:40:09 - INFO - count    455.000000
mean      14.166378
std        3.541795
min        7.691000
25%       11.725000
50%       13.340000
75%       15.750000
max       28.110000
Name: mean radius, dtype: float64
09/10 14:40:09 - INFO - count    455.000000
mean       0.317125
std        0.173456
min        0.000000
25%        0.197561
50%        0.276654
75%        0.394681
max        1.000000
Name: mean radius, dtype: float64
09/10 14:40:09 - INFO - {'k': 8, 'score_func': <function f_classif at 0x7f4390aa9d08>}
09/10 14:40:09 - INFO - [ True False  True  True False False False  True False False False False
 False False False False False False False False  True False  True  True
 False False False  True False False]
09/10 14:40:09 - INFO - [ 0  2  3  7 20 22 23 27]
09/10 14:40:09 - INFO - Index(['mean radius', 'mean perimeter', 'mean area', 'mean concave points',
       'worst radius', 'worst perimeter', 'worst area',
       'worst concave points'],
      dtype='object')
09/10 14:40:09 - INFO - DummyClassifier accuracy : 0.62649
09/10 14:40:09 - INFO - LogisticRegression accuracy : 0.95828
09/10 14:40:09 - INFO - The improvement over the DummyClassifier is : 0.5296
09/10 14:40:09 - INFO - DummyClassifier accuracy : 0.62649
09/10 14:40:09 - INFO - LogisticRegression accuracy : 0.93155
09/10 14:40:09 - INFO - The improvement over the DummyClassifier is : 0.4869
09/10 14:40:10 - INFO - Best parameters set found on development set: 0.94506 {'max_depth': 10, 'max_features': 0.8, 'n_estimators': 10, 'random_state': 111}
09/10 14:40:10 - INFO - 
09/10 14:40:10 - INFO - Grid scores on development set:
09/10 14:40:10 - INFO - 
09/10 14:40:10 - INFO - 0.914 (+/-0.01) for {'max_depth': 10, 'max_features': 0.8, 'n_estimators': 1, 'random_state': 111}
09/10 14:40:10 - INFO - 0.945 (+/-0.02) for {'max_depth': 10, 'max_features': 0.8, 'n_estimators': 10, 'random_state': 111}
09/10 14:40:10 - INFO - 0.925 (+/-0.04) for {'max_depth': 10, 'max_features': 0.4, 'n_estimators': 1, 'random_state': 111}
09/10 14:40:10 - INFO - 0.941 (+/-0.02) for {'max_depth': 10, 'max_features': 0.4, 'n_estimators': 10, 'random_state': 111}
09/10 14:40:10 - INFO - 0.914 (+/-0.01) for {'max_depth': 20, 'max_features': 0.8, 'n_estimators': 1, 'random_state': 111}
09/10 14:40:10 - INFO - 0.945 (+/-0.02) for {'max_depth': 20, 'max_features': 0.8, 'n_estimators': 10, 'random_state': 111}
09/10 14:40:10 - INFO - 0.925 (+/-0.04) for {'max_depth': 20, 'max_features': 0.4, 'n_estimators': 1, 'random_state': 111}
09/10 14:40:10 - INFO - 0.941 (+/-0.02) for {'max_depth': 20, 'max_features': 0.4, 'n_estimators': 10, 'random_state': 111}
09/10 14:40:10 - INFO - 
09/10 14:40:10 - INFO - Detailed classification report:
09/10 14:40:10 - INFO - 
09/10 14:40:10 - INFO - The model is trained on the full development set.
09/10 14:40:10 - INFO - The scores are computed on the full evaluation set.
09/10 14:40:10 - INFO - 
09/10 14:40:10 - INFO -              precision    recall  f1-score   support

          0       0.95      0.93      0.94        42
          1       0.96      0.97      0.97        72

avg / total       0.96      0.96      0.96       114

09/10 14:40:10 - INFO - 
09/10 14:40:10 - INFO - DummyClassifier accuracy : 0.62649
09/10 14:40:10 - INFO - GridSearchCV RandomForestClassifier accuracy : 0.94506
09/10 14:40:10 - INFO - The improvement over the DummyClassifier is : 0.5085
09/10 14:40:10 - INFO - (114, 30) <class 'numpy.ndarray'> (114, 60)
09/10 14:40:10 - INFO - DummyClassifier accuracy : 0.62649
09/10 14:40:10 - INFO - GridSearchCV RandomForestClassifier accuracy : 0.9561
09/10 14:40:10 - INFO - The improvement over the DummyClassifier is : 0.5261
09/10 14:40:10 - INFO - Actual : Noah 	 | LabelEncoded : 4 	 | OneHot : [0. 0. 0. 0. 1. 0.]
09/10 14:40:10 - INFO - Actual : Sophia 	 | LabelEncoded : 5 	 | OneHot : [0. 0. 0. 0. 0. 1.]
09/10 14:40:10 - INFO - Actual : Lily 	 | LabelEncoded : 2 	 | OneHot : [0. 0. 1. 0. 0. 0.]
09/10 14:40:10 - INFO - Actual : Mia 	 | LabelEncoded : 3 	 | OneHot : [0. 0. 0. 1. 0. 0.]
09/10 14:40:10 - INFO - Actual : Ava 	 | LabelEncoded : 0 	 | OneHot : [1. 0. 0. 0. 0. 0.]
09/10 14:40:10 - INFO - Actual : Jacob 	 | LabelEncoded : 1 	 | OneHot : [0. 1. 0. 0. 0. 0.]
09/10 14:40:10 - INFO - Input text : This is the first document.
09/10 14:40:10 - INFO - Output counter vector : This is the first document.
09/10 14:40:10 - INFO - and         0
document    1
first       1
is          1
one         0
second      0
the         1
third       0
this        1
Name: 0, dtype: int64
09/10 14:40:10 - INFO - Input text : This document is the second document.
09/10 14:40:10 - INFO - Output counter vector : This document is the second document.
09/10 14:40:10 - INFO - and         0
document    2
first       0
is          1
one         0
second      1
the         1
third       0
this        1
Name: 1, dtype: int64
09/10 14:40:10 - INFO - Input text : And this is the third one.
09/10 14:40:10 - INFO - Output counter vector : And this is the third one.
09/10 14:40:10 - INFO - and         1
document    0
first       0
is          1
one         1
second      0
the         1
third       1
this        1
Name: 2, dtype: int64
09/10 14:40:10 - INFO - Input text : Is this the first document?
09/10 14:40:10 - INFO - Output counter vector : Is this the first document?
09/10 14:40:10 - INFO - and         0
document    1
first       1
is          1
one         0
second      0
the         1
third       0
this        1
Name: 3, dtype: int64
09/10 14:40:10 - INFO - -------------------------------------------------------------------------
09/10 14:40:10 - INFO - Code execution took 12.6956 seconds
09/10 14:40:10 - INFO - -------------------------------------------------------------------------
